::1 - - [19/Dec/2021:02:35:08 +0000] "GET /api/contacts/ HTTP/1.1" 200 930 "-" "PostmanRuntime/7.28.4"
::1 - - [19/Dec/2021:02:35:53 +0000] "GET /api/contacts/some-path HTTP/1.1" 404 23 "-" "PostmanRuntime/7.28.4"
::1 - - [19/Dec/2021:02:36:15 +0000] "GET /api/contacts/8 HTTP/1.1" 200 92 "-" "PostmanRuntime/7.28.4"
::1 - - [19/Dec/2021:02:36:37 +0000] "GET /api/contacts/80 HTTP/1.1" 404 23 "-" "PostmanRuntime/7.28.4"
::1 - - [19/Dec/2021:02:37:45 +0000] "POST /api/contacts/ HTTP/1.1" 400 44 "-" "PostmanRuntime/7.28.4"
::1 - - [19/Dec/2021:02:38:31 +0000] "POST /api/contacts/ HTTP/1.1" 201 107 "-" "PostmanRuntime/7.28.4"
::1 - - [19/Dec/2021:02:39:31 +0000] "PUT /api/contacts/f6f982f5-8e7c-47dc-8140-c6bdf7bc58a2 HTTP/1.1" 400 28 "-" "PostmanRuntime/7.28.4"
::1 - - [19/Dec/2021:02:40:20 +0000] "PUT /api/contacts/f6f982f5-8e7c-47dc-8140-c6bdf7bc58a2 HTTP/1.1" 200 117 "-" "PostmanRuntime/7.28.4"
::1 - - [19/Dec/2021:02:40:44 +0000] "PUT /api/contacts/f6f982f5-8e7c-47dc-8140-c6bdf7bc58a23 HTTP/1.1" 404 23 "-" "PostmanRuntime/7.28.4"
::1 - - [19/Dec/2021:02:41:13 +0000] "DELETE /api/contacts/f6f982f5-8e7c-47dc-8140-c6bdf7bc58a23 HTTP/1.1" 404 23 "-" "PostmanRuntime/7.28.4"
::1 - - [19/Dec/2021:02:41:17 +0000] "DELETE /api/contacts/f6f982f5-8e7c-47dc-8140-c6bdf7bc58a2 HTTP/1.1" 200 29 "-" "PostmanRuntime/7.28.4"
::1 - - [23/Dec/2021:05:55:18 +0000] "POST /api/contacts/ HTTP/1.1" 500 46 "-" "PostmanRuntime/7.28.4"
::1 - - [23/Dec/2021:06:01:05 +0000] "POST /api/contacts/ HTTP/1.1" 500 46 "-" "PostmanRuntime/7.28.4"
::1 - - [23/Dec/2021:06:01:12 +0000] "POST /api/contacts HTTP/1.1" 500 46 "-" "PostmanRuntime/7.28.4"
::1 - - [23/Dec/2021:06:06:14 +0000] "POST /api/contacts HTTP/1.1" 500 46 "-" "PostmanRuntime/7.28.4"
::1 - - [23/Dec/2021:06:10:26 +0000] "POST /api/contacts HTTP/1.1" 500 88 "-" "PostmanRuntime/7.28.4"
::1 - - [23/Dec/2021:06:11:15 +0000] "POST /api/contacts HTTP/1.1" 500 46 "-" "PostmanRuntime/7.28.4"
::1 - - [23/Dec/2021:06:14:09 +0000] "POST /api/contacts HTTP/1.1" 500 88 "-" "PostmanRuntime/7.28.4"
::1 - - [23/Dec/2021:06:17:33 +0000] "POST /api/contacts HTTP/1.1" 500 88 "-" "PostmanRuntime/7.28.4"
::1 - - [23/Dec/2021:06:18:43 +0000] "POST /api/contacts HTTP/1.1" 500 88 "-" "PostmanRuntime/7.28.4"
::1 - - [23/Dec/2021:06:18:59 +0000] "POST /api/contacts HTTP/1.1" 201 104 "-" "PostmanRuntime/7.28.4"
::1 - - [23/Dec/2021:06:19:21 +0000] "POST /api/contacts HTTP/1.1" 201 104 "-" "PostmanRuntime/7.28.4"
::1 - - [23/Dec/2021:06:19:45 +0000] "POST /api/contacts HTTP/1.1" 500 88 "-" "PostmanRuntime/7.28.4"
::1 - - [23/Dec/2021:06:20:05 +0000] "POST /api/contacts HTTP/1.1" 201 105 "-" "PostmanRuntime/7.28.4"
::1 - - [23/Dec/2021:06:23:46 +0000] "POST /api/contacts HTTP/1.1" 201 105 "-" "PostmanRuntime/7.28.4"
::1 - - [23/Dec/2021:06:27:07 +0000] "POST /api/contacts HTTP/1.1" 201 94 "-" "PostmanRuntime/7.28.4"
::1 - - [23/Dec/2021:06:27:24 +0000] "POST /api/contacts HTTP/1.1" 201 91 "-" "PostmanRuntime/7.28.4"
::1 - - [23/Dec/2021:07:03:13 +0000] "POST /api/contacts HTTP/1.1" 400 43 "-" "PostmanRuntime/7.28.4"
::1 - - [23/Dec/2021:07:04:38 +0000] "POST /api/contacts HTTP/1.1" 500 67 "-" "PostmanRuntime/7.28.4"
::1 - - [23/Dec/2021:07:04:56 +0000] "POST /api/contacts HTTP/1.1" 500 69 "-" "PostmanRuntime/7.28.4"
::1 - - [23/Dec/2021:07:10:08 +0000] "POST /api/contacts HTTP/1.1" 500 87 "-" "PostmanRuntime/7.28.4"
::1 - - [23/Dec/2021:07:10:24 +0000] "POST /api/contacts HTTP/1.1" 201 121 "-" "PostmanRuntime/7.28.4"
::1 - - [23/Dec/2021:07:10:32 +0000] "POST /api/contacts HTTP/1.1" 500 87 "-" "PostmanRuntime/7.28.4"
::1 - - [23/Dec/2021:07:10:45 +0000] "POST /api/contacts HTTP/1.1" 500 87 "-" "PostmanRuntime/7.28.4"
::1 - - [23/Dec/2021:07:11:08 +0000] "POST /api/contacts HTTP/1.1" 500 87 "-" "PostmanRuntime/7.28.4"
::1 - - [23/Dec/2021:07:11:20 +0000] "POST /api/contacts HTTP/1.1" 201 121 "-" "PostmanRuntime/7.28.4"
::1 - - [23/Dec/2021:07:26:46 +0000] "GET /api/contacts HTTP/1.1" 500 44 "-" "PostmanRuntime/7.28.4"
::1 - - [23/Dec/2021:07:28:06 +0000] "GET /api/contacts HTTP/1.1" 500 44 "-" "PostmanRuntime/7.28.4"
::1 - - [23/Dec/2021:07:29:09 +0000] "GET /api/contacts HTTP/1.1" 500 44 "-" "PostmanRuntime/7.28.4"
::1 - - [23/Dec/2021:07:29:31 +0000] "GET /api/contacts HTTP/1.1" 500 44 "-" "PostmanRuntime/7.28.4"
::1 - - [23/Dec/2021:07:29:43 +0000] "POST /api/contacts HTTP/1.1" 500 46 "-" "PostmanRuntime/7.28.4"
::1 - - [23/Dec/2021:07:30:27 +0000] "POST /api/contacts HTTP/1.1" 201 121 "-" "PostmanRuntime/7.28.4"
::1 - - [23/Dec/2021:07:30:34 +0000] "GET /api/contacts HTTP/1.1" 200 1454 "-" "PostmanRuntime/7.28.4"
::1 - - [23/Dec/2021:07:35:19 +0000] "POST /api/contacts HTTP/1.1" 500 125 "-" "PostmanRuntime/7.28.4"
::1 - - [23/Dec/2021:07:38:33 +0000] "POST /api/contacts HTTP/1.1" 500 125 "-" "PostmanRuntime/7.28.4"
::ffff:127.0.0.1 - - [23/Dec/2021:07:40:05 +0000] "GET /api/contacts HTTP/1.1" 200 123 "-" "PostmanRuntime/7.28.4"
::1 - - [23/Dec/2021:07:43:34 +0000] "GET /api/contacts HTTP/1.1" 200 1454 "-" "PostmanRuntime/7.28.4"
::1 - - [23/Dec/2021:07:43:50 +0000] "GET /api/contacts/61c327cb242f2761cd9b890e HTTP/1.1" 500 95 "-" "PostmanRuntime/7.28.4"
::1 - - [23/Dec/2021:07:44:14 +0000] "GET /api/contacts/61c327cb242f2761cd9b890e HTTP/1.1" 200 152 "-" "PostmanRuntime/7.28.4"
::1 - - [23/Dec/2021:07:45:53 +0000] "GET /api/contacts/61c327cb242f2761cd9b890e HTTP/1.1" 200 152 "-" "PostmanRuntime/7.28.4"
::1 - - [23/Dec/2021:07:47:01 +0000] "GET /api/contacts/61c327cb242f2761cd9b890e HTTP/1.1" 200 152 "-" "PostmanRuntime/7.28.4"
::1 - - [23/Dec/2021:07:49:44 +0000] "GET /api/contacts/618 HTTP/1.1" 500 107 "-" "PostmanRuntime/7.28.4"
::1 - - [23/Dec/2021:07:51:51 +0000] "GET /api/contacts/618 HTTP/1.1" 404 107 "-" "PostmanRuntime/7.28.4"
::1 - - [23/Dec/2021:07:54:41 +0000] "POST /api/contacts HTTP/1.1" 500 87 "-" "PostmanRuntime/7.28.4"
::1 - - [23/Dec/2021:07:55:34 +0000] "POST /api/contacts HTTP/1.1" 400 87 "-" "PostmanRuntime/7.28.4"
::1 - - [23/Dec/2021:08:00:45 +0000] "GET /api/contacts HTTP/1.1" 200 1454 "-" "PostmanRuntime/7.28.4"
::1 - - [23/Dec/2021:08:03:07 +0000] "PUT /api/contacts/61c327cb242f2761cd9b890e HTTP/1.1" 400 28 "-" "PostmanRuntime/7.28.4"
::1 - - [23/Dec/2021:08:06:41 +0000] "PUT /api/contacts/61c327cb242f2761cd9b890e HTTP/1.1" 400 28 "-" "PostmanRuntime/7.28.4"
::1 - - [23/Dec/2021:08:08:22 +0000] "PUT /api/contacts/61c327cb242f2761cd9b890e HTTP/1.1" 400 28 "-" "PostmanRuntime/7.28.4"
::1 - - [23/Dec/2021:08:09:32 +0000] "PUT /api/contacts/61c327cb242f2761cd9b890e HTTP/1.1" 200 152 "-" "PostmanRuntime/7.28.4"
::1 - - [23/Dec/2021:08:11:50 +0000] "PUT /api/contacts/61c327cb242f2761cd9b890e HTTP/1.1" 200 149 "-" "PostmanRuntime/7.28.4"
::1 - - [23/Dec/2021:08:13:27 +0000] "POST /api/contacts HTTP/1.1" 400 44 "-" "PostmanRuntime/7.28.4"
::1 - - [23/Dec/2021:08:15:17 +0000] "POST /api/contacts HTTP/1.1" 400 44 "-" "PostmanRuntime/7.28.4"
::1 - - [23/Dec/2021:08:15:36 +0000] "POST /api/contacts HTTP/1.1" 201 120 "-" "PostmanRuntime/7.28.4"
::1 - - [23/Dec/2021:08:17:36 +0000] "GET /api/contacts HTTP/1.1" 200 1572 "-" "PostmanRuntime/7.28.4"
::1 - - [23/Dec/2021:08:17:56 +0000] "DELETE /api/contacts/61c327cb242f2761cd9b890e HTTP/1.1" 200 149 "-" "PostmanRuntime/7.28.4"
::1 - - [23/Dec/2021:08:18:13 +0000] "GET /api/contacts HTTP/1.1" 200 1422 "-" "PostmanRuntime/7.28.4"
::1 - - [23/Dec/2021:08:23:05 +0000] "DELETE /api/contacts/61c43028d36e761accc84e2a HTTP/1.1" 200 29 "-" "PostmanRuntime/7.28.4"
::1 - - [23/Dec/2021:08:23:16 +0000] "GET /api/contacts/ HTTP/1.1" 200 1301 "-" "PostmanRuntime/7.28.4"
::1 - - [23/Dec/2021:18:40:04 +0000] "PATCH /api/contacts/61c4259300deb800e6b8c008/favorite HTTP/1.1" 500 65 "-" "PostmanRuntime/7.28.4"
::1 - - [23/Dec/2021:18:40:24 +0000] "PATCH /api/contacts/61c4259300deb800e6b8c008/favorite HTTP/1.1" 200 17 "-" "PostmanRuntime/7.28.4"
::ffff:127.0.0.1 - - [23/Dec/2021:18:45:40 +0000] "PATCH /api/contacts/61c4259300deb800e6b8c008/favorite HTTP/1.1" 201 5 "-" "PostmanRuntime/7.28.4"
::1 - - [23/Dec/2021:18:49:47 +0000] "PATCH /api/contacts/61c4259300deb800e6b8c008/favorite HTTP/1.1" 200 120 "-" "PostmanRuntime/7.28.4"
::1 - - [23/Dec/2021:18:50:06 +0000] "PATCH /api/contacts/61c4259300deb800e6b8c008/favorite HTTP/1.1" 200 120 "-" "PostmanRuntime/7.28.4"
::1 - - [23/Dec/2021:18:50:19 +0000] "PATCH /api/contacts/61c4259300deb800e6b8c008/favorite HTTP/1.1" 200 121 "-" "PostmanRuntime/7.28.4"
::1 - - [23/Dec/2021:18:50:29 +0000] "PATCH /api/contacts/61c4259300deb800e6b8c008/favorite HTTP/1.1" 200 121 "-" "PostmanRuntime/7.28.4"
::1 - - [23/Dec/2021:18:51:39 +0000] "PATCH /api/contacts/61c4259300deb800e6b8c008/favorite HTTP/1.1" 200 121 "-" "PostmanRuntime/7.28.4"
::1 - - [23/Dec/2021:18:51:46 +0000] "PATCH /api/contacts/61c4259300deb800e6b8c008/favorite HTTP/1.1" 200 120 "-" "PostmanRuntime/7.28.4"
::1 - - [23/Dec/2021:18:52:24 +0000] "PATCH /api/contacts/61c4259300deb800e6b8c008/favorite HTTP/1.1" 200 120 "-" "PostmanRuntime/7.28.4"
::1 - - [23/Dec/2021:18:52:40 +0000] "PATCH /api/contacts/61c4259300deb800e6b8c008/favorite HTTP/1.1" 200 120 "-" "PostmanRuntime/7.28.4"
::1 - - [23/Dec/2021:18:55:00 +0000] "PATCH /api/contacts/61c4259300deb800e6b8c008/favorite HTTP/1.1" 200 121 "-" "PostmanRuntime/7.28.4"
::1 - - [23/Dec/2021:18:55:12 +0000] "PATCH /api/contacts/61c4259300deb800e6b8c008/favorit HTTP/1.1" 404 23 "-" "PostmanRuntime/7.28.4"
::1 - - [23/Dec/2021:18:56:30 +0000] "PATCH /api/contacts/61c4259300deb800e6b8c008/favorite HTTP/1.1" 200 121 "-" "PostmanRuntime/7.28.4"
::1 - - [23/Dec/2021:19:00:24 +0000] "PATCH /api/contacts/61c4259300deb800e6b8c008/favorite HTTP/1.1" 200 120 "-" "PostmanRuntime/7.28.4"
::1 - - [23/Dec/2021:19:00:33 +0000] "PATCH /api/contacts/61c4259300deb800e6b8c008/favorite HTTP/1.1" 400 36 "-" "PostmanRuntime/7.28.4"
::1 - - [23/Dec/2021:19:04:09 +0000] "PATCH /api/contacts/61c4259300deb800e6b8c008/favorite HTTP/1.1" 400 36 "-" "PostmanRuntime/7.28.4"
::1 - - [23/Dec/2021:19:04:21 +0000] "PATCH /api/contacts/61c4259300deb800e6b8c008/favorite HTTP/1.1" 400 36 "-" "PostmanRuntime/7.28.4"
::1 - - [23/Dec/2021:19:06:20 +0000] "PATCH /api/contacts/61c4259300deb800e6b8c008/favorite HTTP/1.1" 200 120 "-" "PostmanRuntime/7.28.4"
::1 - - [23/Dec/2021:19:06:31 +0000] "PATCH /api/contacts/61c4259300deb800e6b8c008/favorite HTTP/1.1" 200 120 "-" "PostmanRuntime/7.28.4"
::1 - - [23/Dec/2021:19:06:36 +0000] "PATCH /api/contacts/61c4259300deb800e6b8c008/favorite HTTP/1.1" 200 120 "-" "PostmanRuntime/7.28.4"
::1 - - [23/Dec/2021:19:08:26 +0000] "PATCH /api/contacts/61c4259300deb800e6b8c008/favorite HTTP/1.1" 400 36 "-" "PostmanRuntime/7.28.4"
::1 - - [23/Dec/2021:19:08:36 +0000] "PATCH /api/contacts/61c4259300deb800e6b8c008/favorite HTTP/1.1" 200 120 "-" "PostmanRuntime/7.28.4"
::1 - - [23/Dec/2021:19:08:44 +0000] "PATCH /api/contacts/61c4259300deb800e6b8c008/favorite HTTP/1.1" 200 121 "-" "PostmanRuntime/7.28.4"
::1 - - [23/Dec/2021:19:08:54 +0000] "PATCH /api/contacts/61c4259300deb800e6b8c008/favorite HTTP/1.1" 200 120 "-" "PostmanRuntime/7.28.4"
::1 - - [23/Dec/2021:19:09:01 +0000] "PATCH /api/contacts/61c4259300deb800e6b8c008/favorite HTTP/1.1" 400 36 "-" "PostmanRuntime/7.28.4"
::1 - - [23/Dec/2021:19:27:09 +0000] "POST /api/contacts HTTP/1.1" 201 120 "-" "PostmanRuntime/7.28.4"
::1 - - [23/Dec/2021:19:33:42 +0000] "POST /api/contacts HTTP/1.1" 400 44 "-" "PostmanRuntime/7.28.4"
::1 - - [23/Dec/2021:19:35:04 +0000] "POST /api/contacts HTTP/1.1" 400 44 "-" "PostmanRuntime/7.28.4"
::1 - - [23/Dec/2021:19:38:41 +0000] "POST /api/contacts HTTP/1.1" 400 44 "-" "PostmanRuntime/7.28.4"
::1 - - [23/Dec/2021:19:39:49 +0000] "POST /api/contacts HTTP/1.1" 201 124 "-" "PostmanRuntime/7.28.4"
::1 - - [23/Dec/2021:19:48:00 +0000] "POST /api/contacts HTTP/1.1" 201 124 "-" "PostmanRuntime/7.28.4"
::1 - - [23/Dec/2021:19:48:38 +0000] "POST /api/contacts HTTP/1.1" 400 44 "-" "PostmanRuntime/7.28.4"
